[UNINSTALL GUIDS]
p_1_4Guid001={3BD633E0-4BF8-4499-9149-88F0767D449C}
p_1_5_MP_Guid001={8503C901-85D7-4262-88D2-8D8B2A7B08B8}
p_1_6Guid001={8A15B7D9-908A-4EF9-BA84-5AEDE61743EE}
p_1_7_MP_Guid001={931C37FC-594D-43A9-B10F-A2F2B1F03498}
[FILES]
1_4file000=G:\Call of Duty 4 - Modern Warfare\zone\english\code_post_gfx_mp.ff
1_4file001=G:\Call of Duty 4 - Modern Warfare\zone\english\mp_crash_snow.ff
1_4file002=G:\Call of Duty 4 - Modern Warfare\zone\english\mp_crash_snow_load.ff
1_4file003=G:\Call of Duty 4 - Modern Warfare\zone\english\ui_mp.ff
1_4file004=G:\Call of Duty 4 - Modern Warfare\zone\french\code_post_gfx_mp.ff
1_4file005=G:\Call of Duty 4 - Modern Warfare\zone\french\mp_crash_snow.ff
1_4file006=G:\Call of Duty 4 - Modern Warfare\zone\french\mp_crash_snow_load.ff
1_4file007=G:\Call of Duty 4 - Modern Warfare\zone\french\ui_mp.ff
1_4file008=G:\Call of Duty 4 - Modern Warfare\zone\italian\code_post_gfx_mp.ff
1_4file009=G:\Call of Duty 4 - Modern Warfare\zone\italian\mp_crash_snow.ff
1_4file010=G:\Call of Duty 4 - Modern Warfare\zone\italian\mp_crash_snow_load.ff
1_4file011=G:\Call of Duty 4 - Modern Warfare\zone\italian\ui_mp.ff
1_4file012=G:\Call of Duty 4 - Modern Warfare\zone\german\code_post_gfx_mp.ff
1_4file013=G:\Call of Duty 4 - Modern Warfare\zone\german\mp_crash_snow.ff
1_4file014=G:\Call of Duty 4 - Modern Warfare\zone\german\mp_crash_snow_load.ff
1_4file015=G:\Call of Duty 4 - Modern Warfare\zone\german\ui_mp.ff
1_4file016=G:\Call of Duty 4 - Modern Warfare\zone\spanish\code_post_gfx_mp.ff
1_4file017=G:\Call of Duty 4 - Modern Warfare\zone\spanish\mp_crash_snow.ff
1_4file018=G:\Call of Duty 4 - Modern Warfare\zone\spanish\mp_crash_snow_load.ff
1_4file019=G:\Call of Duty 4 - Modern Warfare\zone\spanish\ui_mp.ff
1_4file020=G:\Call of Duty 4 - Modern Warfare\zone\russian\code_post_gfx_mp.ff
1_4file021=G:\Call of Duty 4 - Modern Warfare\zone\russian\mp_crash_snow.ff
1_4file022=G:\Call of Duty 4 - Modern Warfare\zone\russian\mp_crash_snow_load.ff
1_4file023=G:\Call of Duty 4 - Modern Warfare\zone\russian\ui_mp.ff
1_4file024=G:\Call of Duty 4 - Modern Warfare\zone\polish\code_post_gfx_mp.ff
1_4file025=G:\Call of Duty 4 - Modern Warfare\zone\polish\mp_crash_snow.ff
1_4file026=G:\Call of Duty 4 - Modern Warfare\zone\polish\mp_crash_snow_load.ff
1_4file027=G:\Call of Duty 4 - Modern Warfare\zone\polish\ui_mp.ff
1_4file028=G:\Call of Duty 4 - Modern Warfare\zone\japanese\code_post_gfx_mp.ff
1_4file029=G:\Call of Duty 4 - Modern Warfare\zone\japanese\mp_crash_snow.ff
1_4file030=G:\Call of Duty 4 - Modern Warfare\zone\japanese\mp_crash_snow_load.ff
1_4file031=G:\Call of Duty 4 - Modern Warfare\zone\japanese\ui_mp.ff
1_4file032=G:\Call of Duty 4 - Modern Warfare\zone\korean\code_post_gfx_mp.ff
1_4file033=G:\Call of Duty 4 - Modern Warfare\zone\korean\mp_crash_snow.ff
1_4file034=G:\Call of Duty 4 - Modern Warfare\zone\korean\mp_crash_snow_load.ff
1_4file035=G:\Call of Duty 4 - Modern Warfare\zone\korean\ui_mp.ff
1_6file000=G:\Call of Duty 4 - Modern Warfare\zone\english\code_post_gfx_mp.ff
1_6file001=G:\Call of Duty 4 - Modern Warfare\zone\english\mp_crash_snow.ff
1_6file002=G:\Call of Duty 4 - Modern Warfare\zone\english\mp_crash_snow_load.ff
1_6file003=G:\Call of Duty 4 - Modern Warfare\zone\english\mp_broadcast.ff
1_6file004=G:\Call of Duty 4 - Modern Warfare\zone\english\mp_broadcast_load.ff
1_6file005=G:\Call of Duty 4 - Modern Warfare\zone\english\mp_carentan.ff
1_6file006=G:\Call of Duty 4 - Modern Warfare\zone\english\mp_carentan_load.ff
1_6file007=G:\Call of Duty 4 - Modern Warfare\zone\english\mp_creek.ff
1_6file008=G:\Call of Duty 4 - Modern Warfare\zone\english\mp_creek_load.ff
1_6file009=G:\Call of Duty 4 - Modern Warfare\zone\english\mp_killhouse.ff
1_6file010=G:\Call of Duty 4 - Modern Warfare\zone\english\mp_killhouse_load.ff
1_6file011=G:\Call of Duty 4 - Modern Warfare\zone\english\ui_mp.ff
1_6file012=G:\Call of Duty 4 - Modern Warfare\zone\french\code_post_gfx_mp.ff
1_6file013=G:\Call of Duty 4 - Modern Warfare\zone\french\mp_crash_snow.ff
1_6file014=G:\Call of Duty 4 - Modern Warfare\zone\french\mp_crash_snow_load.ff
1_6file015=G:\Call of Duty 4 - Modern Warfare\zone\french\mp_broadcast.ff
1_6file016=G:\Call of Duty 4 - Modern Warfare\zone\french\mp_broadcast_load.ff
1_6file017=G:\Call of Duty 4 - Modern Warfare\zone\french\mp_carentan.ff
1_6file018=G:\Call of Duty 4 - Modern Warfare\zone\french\mp_carentan_load.ff
1_6file019=G:\Call of Duty 4 - Modern Warfare\zone\french\mp_creek.ff
1_6file020=G:\Call of Duty 4 - Modern Warfare\zone\french\mp_creek_load.ff
1_6file021=G:\Call of Duty 4 - Modern Warfare\zone\french\mp_killhouse.ff
1_6file022=G:\Call of Duty 4 - Modern Warfare\zone\french\mp_killhouse_load.ff
1_6file023=G:\Call of Duty 4 - Modern Warfare\zone\french\ui_mp.ff
1_6file024=G:\Call of Duty 4 - Modern Warfare\zone\italian\code_post_gfx_mp.ff
1_6file025=G:\Call of Duty 4 - Modern Warfare\zone\italian\mp_crash_snow.ff
1_6file026=G:\Call of Duty 4 - Modern Warfare\zone\italian\mp_crash_snow_load.ff
1_6file027=G:\Call of Duty 4 - Modern Warfare\zone\italian\mp_broadcast.ff
1_6file028=G:\Call of Duty 4 - Modern Warfare\zone\italian\mp_broadcast_load.ff
1_6file029=G:\Call of Duty 4 - Modern Warfare\zone\italian\mp_carentan.ff
1_6file030=G:\Call of Duty 4 - Modern Warfare\zone\italian\mp_carentan_load.ff
1_6file031=G:\Call of Duty 4 - Modern Warfare\zone\italian\mp_creek.ff
1_6file032=G:\Call of Duty 4 - Modern Warfare\zone\italian\mp_creek_load.ff
1_6file033=G:\Call of Duty 4 - Modern Warfare\zone\italian\mp_killhouse.ff
1_6file034=G:\Call of Duty 4 - Modern Warfare\zone\italian\mp_killhouse_load.ff
1_6file035=G:\Call of Duty 4 - Modern Warfare\zone\italian\ui_mp.ff
1_6file036=G:\Call of Duty 4 - Modern Warfare\zone\german\code_post_gfx_mp.ff
1_6file037=G:\Call of Duty 4 - Modern Warfare\zone\german\mp_crash_snow.ff
1_6file038=G:\Call of Duty 4 - Modern Warfare\zone\german\mp_crash_snow_load.ff
1_6file039=G:\Call of Duty 4 - Modern Warfare\zone\german\mp_broadcast.ff
1_6file040=G:\Call of Duty 4 - Modern Warfare\zone\german\mp_broadcast_load.ff
1_6file041=G:\Call of Duty 4 - Modern Warfare\zone\german\mp_carentan.ff
1_6file042=G:\Call of Duty 4 - Modern Warfare\zone\german\mp_carentan_load.ff
1_6file043=G:\Call of Duty 4 - Modern Warfare\zone\german\mp_creek.ff
1_6file044=G:\Call of Duty 4 - Modern Warfare\zone\german\mp_creek_load.ff
1_6file045=G:\Call of Duty 4 - Modern Warfare\zone\german\mp_killhouse.ff
1_6file046=G:\Call of Duty 4 - Modern Warfare\zone\german\mp_killhouse_load.ff
1_6file047=G:\Call of Duty 4 - Modern Warfare\zone\german\ui_mp.ff
1_6file048=G:\Call of Duty 4 - Modern Warfare\zone\spanish\code_post_gfx_mp.ff
1_6file049=G:\Call of Duty 4 - Modern Warfare\zone\spanish\mp_crash_snow.ff
1_6file050=G:\Call of Duty 4 - Modern Warfare\zone\spanish\mp_crash_snow_load.ff
1_6file051=G:\Call of Duty 4 - Modern Warfare\zone\spanish\mp_broadcast.ff
1_6file052=G:\Call of Duty 4 - Modern Warfare\zone\spanish\mp_broadcast_load.ff
1_6file053=G:\Call of Duty 4 - Modern Warfare\zone\spanish\mp_carentan.ff
1_6file054=G:\Call of Duty 4 - Modern Warfare\zone\spanish\mp_carentan_load.ff
1_6file055=G:\Call of Duty 4 - Modern Warfare\zone\spanish\mp_creek.ff
1_6file056=G:\Call of Duty 4 - Modern Warfare\zone\spanish\mp_creek_load.ff
1_6file057=G:\Call of Duty 4 - Modern Warfare\zone\spanish\mp_killhouse.ff
1_6file058=G:\Call of Duty 4 - Modern Warfare\zone\spanish\mp_killhouse_load.ff
1_6file059=G:\Call of Duty 4 - Modern Warfare\zone\spanish\ui_mp.ff
1_6file060=G:\Call of Duty 4 - Modern Warfare\zone\russian\code_post_gfx_mp.ff
1_6file061=G:\Call of Duty 4 - Modern Warfare\zone\russian\mp_crash_snow.ff
1_6file062=G:\Call of Duty 4 - Modern Warfare\zone\russian\mp_crash_snow_load.ff
1_6file063=G:\Call of Duty 4 - Modern Warfare\zone\russian\mp_broadcast.ff
1_6file064=G:\Call of Duty 4 - Modern Warfare\zone\russian\mp_broadcast_load.ff
1_6file065=G:\Call of Duty 4 - Modern Warfare\zone\russian\mp_carentan.ff
1_6file066=G:\Call of Duty 4 - Modern Warfare\zone\russian\mp_carentan_load.ff
1_6file067=G:\Call of Duty 4 - Modern Warfare\zone\russian\mp_creek.ff
1_6file068=G:\Call of Duty 4 - Modern Warfare\zone\russian\mp_creek_load.ff
1_6file069=G:\Call of Duty 4 - Modern Warfare\zone\russian\mp_killhouse.ff
1_6file070=G:\Call of Duty 4 - Modern Warfare\zone\russian\mp_killhouse_load.ff
1_6file071=G:\Call of Duty 4 - Modern Warfare\zone\russian\ui_mp.ff
1_6file072=G:\Call of Duty 4 - Modern Warfare\zone\polish\code_post_gfx_mp.ff
1_6file073=G:\Call of Duty 4 - Modern Warfare\zone\polish\mp_crash_snow.ff
1_6file074=G:\Call of Duty 4 - Modern Warfare\zone\polish\mp_crash_snow_load.ff
1_6file075=G:\Call of Duty 4 - Modern Warfare\zone\polish\mp_broadcast.ff
1_6file076=G:\Call of Duty 4 - Modern Warfare\zone\polish\mp_broadcast_load.ff
1_6file077=G:\Call of Duty 4 - Modern Warfare\zone\polish\mp_carentan.ff
1_6file078=G:\Call of Duty 4 - Modern Warfare\zone\polish\mp_carentan_load.ff
1_6file079=G:\Call of Duty 4 - Modern Warfare\zone\polish\mp_creek.ff
1_6file080=G:\Call of Duty 4 - Modern Warfare\zone\polish\mp_creek_load.ff
1_6file081=G:\Call of Duty 4 - Modern Warfare\zone\polish\mp_killhouse.ff
1_6file082=G:\Call of Duty 4 - Modern Warfare\zone\polish\mp_killhouse_load.ff
1_6file083=G:\Call of Duty 4 - Modern Warfare\zone\polish\ui_mp.ff
1_6file084=G:\Call of Duty 4 - Modern Warfare\zone\japanese\code_post_gfx_mp.ff
1_6file085=G:\Call of Duty 4 - Modern Warfare\zone\japanese\mp_crash_snow.ff
1_6file086=G:\Call of Duty 4 - Modern Warfare\zone\japanese\mp_crash_snow_load.ff
1_6file087=G:\Call of Duty 4 - Modern Warfare\zone\japanese\mp_broadcast.ff
1_6file088=G:\Call of Duty 4 - Modern Warfare\zone\japanese\mp_broadcast_load.ff
1_6file089=G:\Call of Duty 4 - Modern Warfare\zone\japanese\mp_carentan.ff
1_6file090=G:\Call of Duty 4 - Modern Warfare\zone\japanese\mp_carentan_load.ff
1_6file091=G:\Call of Duty 4 - Modern Warfare\zone\japanese\mp_creek.ff
1_6file092=G:\Call of Duty 4 - Modern Warfare\zone\japanese\mp_creek_load.ff
1_6file093=G:\Call of Duty 4 - Modern Warfare\zone\japanese\mp_killhouse.ff
1_6file094=G:\Call of Duty 4 - Modern Warfare\zone\japanese\mp_killhouse_load.ff
1_6file095=G:\Call of Duty 4 - Modern Warfare\zone\japanese\ui_mp.ff
1_6file096=G:\Call of Duty 4 - Modern Warfare\zone\korean\code_post_gfx_mp.ff
1_6file097=G:\Call of Duty 4 - Modern Warfare\zone\korean\mp_crash_snow.ff
1_6file098=G:\Call of Duty 4 - Modern Warfare\zone\korean\mp_crash_snow_load.ff
1_6file099=G:\Call of Duty 4 - Modern Warfare\zone\korean\mp_broadcast.ff
1_6file100=G:\Call of Duty 4 - Modern Warfare\zone\korean\mp_broadcast_load.ff
1_6file101=G:\Call of Duty 4 - Modern Warfare\zone\korean\mp_carentan.ff
1_6file102=G:\Call of Duty 4 - Modern Warfare\zone\korean\mp_carentan_load.ff
1_6file103=G:\Call of Duty 4 - Modern Warfare\zone\korean\mp_creek.ff
1_6file104=G:\Call of Duty 4 - Modern Warfare\zone\korean\mp_creek_load.ff
1_6file105=G:\Call of Duty 4 - Modern Warfare\zone\korean\mp_killhouse.ff
1_6file106=G:\Call of Duty 4 - Modern Warfare\zone\korean\mp_killhouse_load.ff
1_6file107=G:\Call of Duty 4 - Modern Warfare\zone\korean\ui_mp.ff
